[debug] [2021-05-26T03:17:22.432Z] ----------------------------------------------------------------------
[debug] [2021-05-26T03:17:22.438Z] Command:       /Users/julienbrinson/.nvm/versions/node/v15.14.0/bin/node /usr/local/bin/firebase emulators:start
[debug] [2021-05-26T03:17:22.440Z] CLI Version:   9.11.0
[debug] [2021-05-26T03:17:22.441Z] Platform:      darwin
[debug] [2021-05-26T03:17:22.441Z] Node Version:  v15.14.0
[debug] [2021-05-26T03:17:22.443Z] Time:          Tue May 25 2021 23:17:22 GMT-0400 (Eastern Daylight Time)
[debug] [2021-05-26T03:17:22.444Z] ----------------------------------------------------------------------
[debug] 
[debug] [2021-05-26T03:17:22.499Z] > command requires scopes: ["email","openid","https://www.googleapis.com/auth/cloudplatformprojects.readonly","https://www.googleapis.com/auth/firebase","https://www.googleapis.com/auth/cloud-platform"]
[debug] [2021-05-26T03:17:22.499Z] > authorizing via signed-in user (jbrinson@stanford.edu)
[info] i  emulators: Starting emulators: functions {"metadata":{"emulator":{"name":"hub"},"message":"Starting emulators: functions"}}
[debug] [2021-05-26T03:17:22.745Z] [hub] writing locator at /var/folders/nf/_gzmwgxj7n35n7ysqg7gqmm00000gn/T/hub-nfty-dc26a.json
[warn] ⚠  functions: The following emulators are not running, calls to these services from the Functions emulator will affect production: auth, firestore, database, hosting, pubsub, storage {"metadata":{"emulator":{"name":"functions"},"message":"The following emulators are not running, calls to these services from the Functions emulator will affect production: \u001b[1mauth, firestore, database, hosting, pubsub, storage\u001b[22m"}}
[warn] ⚠  Your requested "node" version "12" doesn't match your global version "15" {"metadata":{"emulator":{"name":"functions"},"message":"Your requested \"node\" version \"12\" doesn't match your global version \"15\""}}
[debug] [2021-05-26T03:17:22.868Z] defaultcredentials: writing to file /Users/julienbrinson/.config/firebase/jbrinson_stanford_edu_application_default_credentials.json
[debug] [2021-05-26T03:17:22.874Z] Setting GAC to /Users/julienbrinson/.config/firebase/jbrinson_stanford_edu_application_default_credentials.json {"metadata":{"emulator":{"name":"functions"},"message":"Setting GAC to /Users/julienbrinson/.config/firebase/jbrinson_stanford_edu_application_default_credentials.json"}}
[debug] [2021-05-26T03:17:22.878Z] >>> [apiv2][query] GET https://firebase.googleapis.com/v1beta1/projects/nfty-dc26a/adminSdkConfig [none]
[debug] [2021-05-26T03:17:23.469Z] <<< [apiv2][status] GET https://firebase.googleapis.com/v1beta1/projects/nfty-dc26a/adminSdkConfig 200
[debug] [2021-05-26T03:17:23.469Z] <<< [apiv2][body] GET https://firebase.googleapis.com/v1beta1/projects/nfty-dc26a/adminSdkConfig {"projectId":"nfty-dc26a","databaseURL":"https://nfty-dc26a-default-rtdb.firebaseio.com","storageBucket":"nfty-dc26a.appspot.com","locationId":"us-central"}
[debug] [2021-05-26T03:17:23.507Z] Ignoring unsupported arg: auto_download {"metadata":{"emulator":{"name":"ui"},"message":"Ignoring unsupported arg: auto_download"}}
[debug] [2021-05-26T03:17:23.508Z] Ignoring unsupported arg: port {"metadata":{"emulator":{"name":"ui"},"message":"Ignoring unsupported arg: port"}}
[debug] [2021-05-26T03:17:23.508Z] Starting Emulator UI with command {"binary":"node","args":["/Users/julienbrinson/.cache/firebase/emulators/ui-v1.5.0/server.bundle.js"],"optionalArgs":[],"joinArgs":false} {"metadata":{"emulator":{"name":"ui"},"message":"Starting Emulator UI with command {\"binary\":\"node\",\"args\":[\"/Users/julienbrinson/.cache/firebase/emulators/ui-v1.5.0/server.bundle.js\"],\"optionalArgs\":[],\"joinArgs\":false}"}}
[info] i  ui: Emulator UI logging to ui-debug.log {"metadata":{"emulator":{"name":"ui"},"message":"Emulator UI logging to \u001b[1mui-debug.log\u001b[22m"}}
[debug] [2021-05-26T03:17:23.858Z] Web / API server started at http://localhost:4000
 {"metadata":{"emulator":{"name":"ui"},"message":"Web / API server started at http://localhost:4000\n"}}
[info] i  functions: Watching "/Users/julienbrinson/Documents/Stanford/5th_Year/Spring_Quarter/CS_194/Nfty/functions" for Cloud Functions... {"metadata":{"emulator":{"name":"functions"},"message":"Watching \"/Users/julienbrinson/Documents/Stanford/5th_Year/Spring_Quarter/CS_194/Nfty/functions\" for Cloud Functions..."}}
[debug] [2021-05-26T03:17:24.053Z] [worker-pool] addWorker(~diagnostic~) {"metadata":{"emulator":{"name":"functions"},"message":"[worker-pool] addWorker(~diagnostic~)"}}
[debug] [2021-05-26T03:17:24.053Z] [worker-pool] Adding worker with key ~diagnostic~, total=1 {"metadata":{"emulator":{"name":"functions"},"message":"[worker-pool] Adding worker with key ~diagnostic~, total=1"}}
[debug] [2021-05-26T03:17:24.053Z] [worker-pool] submitWork(triggerId=) {"metadata":{"emulator":{"name":"functions"},"message":"[worker-pool] submitWork(triggerId=)"}}
[debug] [2021-05-26T03:17:24.055Z] [worker-~diagnostic~-c5de39d5-01a3-4776-9413-b864cabb9aee]: Assigning socketPath: /var/folders/nf/_gzmwgxj7n35n7ysqg7gqmm00000gn/T/fire_emu_5199.sock {"metadata":{"emulator":{"name":"functions"},"message":"[worker-~diagnostic~-c5de39d5-01a3-4776-9413-b864cabb9aee]: Assigning socketPath: /var/folders/nf/_gzmwgxj7n35n7ysqg7gqmm00000gn/T/fire_emu_5199.sock"}}
[debug] [2021-05-26T03:17:24.055Z] [worker-~diagnostic~-c5de39d5-01a3-4776-9413-b864cabb9aee]: BUSY {"metadata":{"emulator":{"name":"functions"},"message":"[worker-~diagnostic~-c5de39d5-01a3-4776-9413-b864cabb9aee]: BUSY"}}
[debug] [2021-05-26T03:17:24.760Z] [runtime-status] [5199] Functions runtime initialized. {"cwd":"/Users/julienbrinson/Documents/Stanford/5th_Year/Spring_Quarter/CS_194/Nfty/functions","node_version":"15.14.0"} {"metadata":{"emulator":{"name":"functions"},"message":"[runtime-status] [5199] Functions runtime initialized. {\"cwd\":\"/Users/julienbrinson/Documents/Stanford/5th_Year/Spring_Quarter/CS_194/Nfty/functions\",\"node_version\":\"15.14.0\"}"}}
[debug] [2021-05-26T03:17:24.763Z] [runtime-status] [5199] Disabled runtime features: undefined {"metadata":{"emulator":{"name":"functions"},"message":"[runtime-status] [5199] Disabled runtime features: undefined"}}
[debug] [2021-05-26T03:17:24.771Z] [runtime-status] [5199] Resolved module firebase-admin {"declared":true,"installed":true,"version":"9.8.0","resolution":"/Users/julienbrinson/Documents/Stanford/5th_Year/Spring_Quarter/CS_194/Nfty/functions/node_modules/firebase-admin/lib/index.js"} {"metadata":{"emulator":{"name":"functions"},"message":"[runtime-status] [5199] Resolved module firebase-admin {\"declared\":true,\"installed\":true,\"version\":\"9.8.0\",\"resolution\":\"/Users/julienbrinson/Documents/Stanford/5th_Year/Spring_Quarter/CS_194/Nfty/functions/node_modules/firebase-admin/lib/index.js\"}"}}
[debug] [2021-05-26T03:17:24.819Z] [runtime-status] [5199] Resolved module firebase-functions {"declared":true,"installed":true,"version":"3.14.1","resolution":"/Users/julienbrinson/Documents/Stanford/5th_Year/Spring_Quarter/CS_194/Nfty/functions/node_modules/firebase-functions/lib/index.js"} {"metadata":{"emulator":{"name":"functions"},"message":"[runtime-status] [5199] Resolved module firebase-functions {\"declared\":true,\"installed\":true,\"version\":\"3.14.1\",\"resolution\":\"/Users/julienbrinson/Documents/Stanford/5th_Year/Spring_Quarter/CS_194/Nfty/functions/node_modules/firebase-functions/lib/index.js\"}"}}
[debug] [2021-05-26T03:17:24.823Z] [runtime-status] [5199] Resolved module firebase-functions {"declared":true,"installed":true,"version":"3.14.1","resolution":"/Users/julienbrinson/Documents/Stanford/5th_Year/Spring_Quarter/CS_194/Nfty/functions/node_modules/firebase-functions/lib/index.js"} {"metadata":{"emulator":{"name":"functions"},"message":"[runtime-status] [5199] Resolved module firebase-functions {\"declared\":true,\"installed\":true,\"version\":\"3.14.1\",\"resolution\":\"/Users/julienbrinson/Documents/Stanford/5th_Year/Spring_Quarter/CS_194/Nfty/functions/node_modules/firebase-functions/lib/index.js\"}"}}
[debug] [2021-05-26T03:17:24.829Z] [runtime-status] [5199] Outgoing network have been stubbed. [{"name":"http","status":"mocked"},{"name":"http","status":"mocked"},{"name":"https","status":"mocked"},{"name":"https","status":"mocked"},{"name":"net","status":"mocked"}] {"metadata":{"emulator":{"name":"functions"},"message":"[runtime-status] [5199] Outgoing network have been stubbed. [{\"name\":\"http\",\"status\":\"mocked\"},{\"name\":\"http\",\"status\":\"mocked\"},{\"name\":\"https\",\"status\":\"mocked\"},{\"name\":\"https\",\"status\":\"mocked\"},{\"name\":\"net\",\"status\":\"mocked\"}]"}}
[debug] [2021-05-26T03:17:24.922Z] [runtime-status] [5199] Resolved module firebase-functions {"declared":true,"installed":true,"version":"3.14.1","resolution":"/Users/julienbrinson/Documents/Stanford/5th_Year/Spring_Quarter/CS_194/Nfty/functions/node_modules/firebase-functions/lib/index.js"} {"metadata":{"emulator":{"name":"functions"},"message":"[runtime-status] [5199] Resolved module firebase-functions {\"declared\":true,\"installed\":true,\"version\":\"3.14.1\",\"resolution\":\"/Users/julienbrinson/Documents/Stanford/5th_Year/Spring_Quarter/CS_194/Nfty/functions/node_modules/firebase-functions/lib/index.js\"}"}}
[debug] [2021-05-26T03:17:25.079Z] [runtime-status] [5199] Checked functions.config() {"config":{}} {"metadata":{"emulator":{"name":"functions"},"message":"[runtime-status] [5199] Checked functions.config() {\"config\":{}}"}}
[debug] [2021-05-26T03:17:25.079Z] [runtime-status] [5199] firebase-functions has been stubbed. {"functionsResolution":{"declared":true,"installed":true,"version":"3.14.1","resolution":"/Users/julienbrinson/Documents/Stanford/5th_Year/Spring_Quarter/CS_194/Nfty/functions/node_modules/firebase-functions/lib/index.js"}} {"metadata":{"emulator":{"name":"functions"},"message":"[runtime-status] [5199] firebase-functions has been stubbed. {\"functionsResolution\":{\"declared\":true,\"installed\":true,\"version\":\"3.14.1\",\"resolution\":\"/Users/julienbrinson/Documents/Stanford/5th_Year/Spring_Quarter/CS_194/Nfty/functions/node_modules/firebase-functions/lib/index.js\"}}"}}
[debug] [2021-05-26T03:17:25.080Z] [runtime-status] [5199] Resolved module firebase-functions {"declared":true,"installed":true,"version":"3.14.1","resolution":"/Users/julienbrinson/Documents/Stanford/5th_Year/Spring_Quarter/CS_194/Nfty/functions/node_modules/firebase-functions/lib/index.js"} {"metadata":{"emulator":{"name":"functions"},"message":"[runtime-status] [5199] Resolved module firebase-functions {\"declared\":true,\"installed\":true,\"version\":\"3.14.1\",\"resolution\":\"/Users/julienbrinson/Documents/Stanford/5th_Year/Spring_Quarter/CS_194/Nfty/functions/node_modules/firebase-functions/lib/index.js\"}"}}
[debug] [2021-05-26T03:17:25.083Z] [runtime-status] [5199] Resolved module firebase-admin {"declared":true,"installed":true,"version":"9.8.0","resolution":"/Users/julienbrinson/Documents/Stanford/5th_Year/Spring_Quarter/CS_194/Nfty/functions/node_modules/firebase-admin/lib/index.js"} {"metadata":{"emulator":{"name":"functions"},"message":"[runtime-status] [5199] Resolved module firebase-admin {\"declared\":true,\"installed\":true,\"version\":\"9.8.0\",\"resolution\":\"/Users/julienbrinson/Documents/Stanford/5th_Year/Spring_Quarter/CS_194/Nfty/functions/node_modules/firebase-admin/lib/index.js\"}"}}
[debug] [2021-05-26T03:17:25.084Z] [runtime-status] [5199] Resolved module firebase-functions {"declared":true,"installed":true,"version":"3.14.1","resolution":"/Users/julienbrinson/Documents/Stanford/5th_Year/Spring_Quarter/CS_194/Nfty/functions/node_modules/firebase-functions/lib/index.js"} {"metadata":{"emulator":{"name":"functions"},"message":"[runtime-status] [5199] Resolved module firebase-functions {\"declared\":true,\"installed\":true,\"version\":\"3.14.1\",\"resolution\":\"/Users/julienbrinson/Documents/Stanford/5th_Year/Spring_Quarter/CS_194/Nfty/functions/node_modules/firebase-functions/lib/index.js\"}"}}
[debug] [2021-05-26T03:17:25.084Z] [runtime-status] [5199] firebase-admin has been stubbed. {"adminResolution":{"declared":true,"installed":true,"version":"9.8.0","resolution":"/Users/julienbrinson/Documents/Stanford/5th_Year/Spring_Quarter/CS_194/Nfty/functions/node_modules/firebase-admin/lib/index.js"}} {"metadata":{"emulator":{"name":"functions"},"message":"[runtime-status] [5199] firebase-admin has been stubbed. {\"adminResolution\":{\"declared\":true,\"installed\":true,\"version\":\"9.8.0\",\"resolution\":\"/Users/julienbrinson/Documents/Stanford/5th_Year/Spring_Quarter/CS_194/Nfty/functions/node_modules/firebase-admin/lib/index.js\"}}"}}
[info] ✔  functions[addMessage]: http function initialized (http://localhost:5001/nfty-dc26a/us-central1/addMessage). {"metadata":{"emulator":{"name":"functions"},"message":"\u001b[1mhttp\u001b[22m function initialized (http://localhost:5001/nfty-dc26a/us-central1/addMessage)."}}
[info] i  functions[makeUppercase]: function ignored because the firestore emulator does not exist or is not running. {"metadata":{"emulator":{"name":"functions"},"message":"function ignored because the firestore emulator does not exist or is not running."}}
[info] ✔  functions[write_metadata]: http function initialized (http://localhost:5001/nfty-dc26a/us-central1/write_metadata). {"metadata":{"emulator":{"name":"functions"},"message":"\u001b[1mhttp\u001b[22m function initialized (http://localhost:5001/nfty-dc26a/us-central1/write_metadata)."}}
[info] 
┌─────────────────────────────────────────────────────────────┐
│ ✔  All emulators ready! It is now safe to connect your app. │
│ i  View Emulator UI at http://localhost:4000                │
└─────────────────────────────────────────────────────────────┘

┌───────────┬────────────────┬─────────────────────────────────┐
│ Emulator  │ Host:Port      │ View in Emulator UI             │
├───────────┼────────────────┼─────────────────────────────────┤
│ Functions │ localhost:5001 │ http://localhost:4000/functions │
└───────────┴────────────────┴─────────────────────────────────┘
  Emulator Hub running at localhost:4400
  Other reserved ports: 4500

Issues? Report them at https://github.com/firebase/firebase-tools/issues and attach the *-debug.log files.
 
[debug] [2021-05-26T03:17:25.095Z] [worker-~diagnostic~-c5de39d5-01a3-4776-9413-b864cabb9aee]: IDLE {"metadata":{"emulator":{"name":"functions"},"message":"[worker-~diagnostic~-c5de39d5-01a3-4776-9413-b864cabb9aee]: IDLE"}}
